android/app/build/intermediates/manifest_merge_blame_file/release/manifest-merger-blame-release-report.txt
1<?xml version="1.0" encoding="utf-8"?>
2<manifest xmlns:android="http://schemas.android.com/apk/res/android"
3    package="com.mapilocator"
4    android:versionCode="17"
5    android:versionName="Parihara: 1.2.17" >
6
7    <uses-sdk
8        android:minSdkVersion="21"
8-->src/main/AndroidManifest.xml
9        android:targetSdkVersion="33" />
9-->src/main/AndroidManifest.xml
10
11    <!-- Added permissions -->
12    <uses-permission android:name="android.permission.INTERNET" />
12-->src/main/AndroidManifest.xml:5:5-67
12-->src/main/AndroidManifest.xml:5:22-64
13    <uses-permission android:name="android.permission.ACCESS_FINE_LOCATION" />
13-->src/main/AndroidManifest.xml:6:5-79
13-->src/main/AndroidManifest.xml:6:22-76
14    <uses-permission android:name="android.permission.ACCESS_COARSE_LOCATION" />
14-->src/main/AndroidManifest.xml:7:5-81
14-->src/main/AndroidManifest.xml:7:22-78
15    <uses-permission android:name="android.permission.ACCESS_NETWORK_STATE" />
15-->src/main/AndroidManifest.xml:8:5-79
15-->src/main/AndroidManifest.xml:8:22-76
16    <uses-permission android:name="android.permission.POST_NOTIFICATIONS" />
16-->src/main/AndroidManifest.xml:9:5-77
16-->src/main/AndroidManifest.xml:9:22-74
17    <uses-permission
17-->src/main/AndroidManifest.xml:10:5-87
18        android:name="org.apache.http.legacy"
18-->src/main/AndroidManifest.xml:10:22-59
19        android:required="false" />
19-->src/main/AndroidManifest.xml:10:60-84
20    <uses-permission android:name="android.permission.FOREGROUND_SERVICE" />
20-->src/main/AndroidManifest.xml:11:5-77
20-->src/main/AndroidManifest.xml:11:22-74
21    <uses-permission android:name="android.permission.WAKE_LOCK" />
21-->src/main/AndroidManifest.xml:12:5-68
21-->src/main/AndroidManifest.xml:12:22-65
22    <!-- Optional permissions -->
23    <uses-permission android:name="android.permission.ACCESS_BACKGROUND_LOCATION" />
23-->src/main/AndroidManifest.xml:14:5-85
23-->src/main/AndroidManifest.xml:14:22-82
24    <uses-permission android:name="android.permission.READ_EXTERNAL_STORAGE" />
24-->src/main/AndroidManifest.xml:15:5-80
24-->src/main/AndroidManifest.xml:15:22-77
25    <uses-permission android:name="android.permission.WRITE_EXTERNAL_STORAGE" />
25-->src/main/AndroidManifest.xml:16:5-17:40
25-->src/main/AndroidManifest.xml:16:22-78
26    <uses-permission android:name="android.permission.CAMERA" />
26-->src/main/AndroidManifest.xml:18:5-65
26-->src/main/AndroidManifest.xml:18:22-62
27    <uses-permission android:name="android.permission.VIBRATE" />
27-->src/main/AndroidManifest.xml:19:5-66
27-->src/main/AndroidManifest.xml:19:22-63
28
29    <uses-feature android:name="android.hardware.camera" />
29-->src/main/AndroidManifest.xml:20:5-60
29-->src/main/AndroidManifest.xml:20:19-57
30    <uses-feature android:name="android.hardware.camera.autofocus" />
30-->src/main/AndroidManifest.xml:21:5-70
30-->src/main/AndroidManifest.xml:21:19-67
31
32    <uses-permission android:name="android.permission.RECEIVE_BOOT_COMPLETED" />
32-->src/main/AndroidManifest.xml:22:5-80
32-->src/main/AndroidManifest.xml:22:22-78
33
34    <permission
35        android:name="com.mapilocator.permission.C2D_MESSAGE"
35-->src/main/AndroidManifest.xml:24:9-63
36        android:protectionLevel="signature" />
36-->src/main/AndroidManifest.xml:25:9-44
37
38    <uses-permission android:name="android.intent.category.MASTER_CLEAR.permission.C2D_MESSAGE" />
38-->src/main/AndroidManifest.xml:26:5-27:47
38-->src/main/AndroidManifest.xml:26:22-96
39
40    <queries>
40-->[:react-native-image-crop-picker] AndroidManifest.xml:9:5-13:15
41        <intent>
41-->[:react-native-image-crop-picker] AndroidManifest.xml:10:9-12:18
42            <action android:name="android.media.action.IMAGE_CAPTURE" />
42-->[:react-native-image-crop-picker] AndroidManifest.xml:11:13-73
42-->[:react-native-image-crop-picker] AndroidManifest.xml:11:21-70
43        </intent>
44        <!-- Needs to be explicitly declared on Android R+ -->
45        <package android:name="com.google.android.apps.maps" />
45-->[com.google.android.gms:play-services-maps:18.1.0] AndroidManifest.xml:33:9-64
45-->[com.google.android.gms:play-services-maps:18.1.0] AndroidManifest.xml:33:18-61
46    </queries>
47
48    <uses-feature
48-->[com.google.android.gms:play-services-maps:18.1.0] AndroidManifest.xml:26:5-28:35
49        android:glEsVersion="0x00020000"
49-->[com.google.android.gms:play-services-maps:18.1.0] AndroidManifest.xml:27:9-41
50        android:required="true" /> <!-- Required by older versions of Google Play services to create IID tokens -->
50-->[com.google.android.gms:play-services-maps:18.1.0] AndroidManifest.xml:28:9-32
51    <uses-permission android:name="com.google.android.c2dm.permission.RECEIVE" />
51-->[com.google.firebase:firebase-messaging:23.1.2] AndroidManifest.xml:28:5-82
51-->[com.google.firebase:firebase-messaging:23.1.2] AndroidManifest.xml:28:22-79
52    <uses-permission android:name="com.google.android.gms.permission.AD_ID" />
52-->[com.google.android.gms:play-services-measurement-api:21.2.2] AndroidManifest.xml:25:5-79
52-->[com.google.android.gms:play-services-measurement-api:21.2.2] AndroidManifest.xml:25:22-76
53    <uses-permission android:name="com.google.android.finsky.permission.BIND_GET_INSTALL_REFERRER_SERVICE" />
53-->[com.google.android.gms:play-services-measurement:21.2.2] AndroidManifest.xml:26:5-110
53-->[com.google.android.gms:play-services-measurement:21.2.2] AndroidManifest.xml:26:22-107
54
55    <permission
55-->[androidx.core:core:1.9.0] AndroidManifest.xml:22:5-24:47
56        android:name="com.mapilocator.DYNAMIC_RECEIVER_NOT_EXPORTED_PERMISSION"
56-->[androidx.core:core:1.9.0] AndroidManifest.xml:23:9-81
57        android:protectionLevel="signature" />
57-->[androidx.core:core:1.9.0] AndroidManifest.xml:24:9-44
58
59    <uses-permission android:name="com.mapilocator.DYNAMIC_RECEIVER_NOT_EXPORTED_PERMISSION" /> <!-- for android -->
59-->[androidx.core:core:1.9.0] AndroidManifest.xml:26:5-97
59-->[androidx.core:core:1.9.0] AndroidManifest.xml:26:22-94
60    <!-- <uses-permission android:name="com.android.launcher.permission.READ_SETTINGS"/> -->
61    <!-- <uses-permission android:name="com.android.launcher.permission.WRITE_SETTINGS"/> -->
62    <!-- <uses-permission android:name="com.android.launcher.permission.INSTALL_SHORTCUT" /> -->
63    <!-- <uses-permission android:name="com.android.launcher.permission.UNINSTALL_SHORTCUT" /> -->
64    <!-- for Samsung -->
65    <uses-permission android:name="com.sec.android.provider.badge.permission.READ" />
65-->[me.leolin:ShortcutBadger:1.1.22] AndroidManifest.xml:19:5-86
65-->[me.leolin:ShortcutBadger:1.1.22] AndroidManifest.xml:19:22-83
66    <uses-permission android:name="com.sec.android.provider.badge.permission.WRITE" /> <!-- for htc -->
66-->[me.leolin:ShortcutBadger:1.1.22] AndroidManifest.xml:20:5-87
66-->[me.leolin:ShortcutBadger:1.1.22] AndroidManifest.xml:20:22-84
67    <uses-permission android:name="com.htc.launcher.permission.READ_SETTINGS" />
67-->[me.leolin:ShortcutBadger:1.1.22] AndroidManifest.xml:23:5-81
67-->[me.leolin:ShortcutBadger:1.1.22] AndroidManifest.xml:23:22-78
68    <uses-permission android:name="com.htc.launcher.permission.UPDATE_SHORTCUT" /> <!-- for sony -->
68-->[me.leolin:ShortcutBadger:1.1.22] AndroidManifest.xml:24:5-83
68-->[me.leolin:ShortcutBadger:1.1.22] AndroidManifest.xml:24:22-80
69    <uses-permission android:name="com.sonyericsson.home.permission.BROADCAST_BADGE" />
69-->[me.leolin:ShortcutBadger:1.1.22] AndroidManifest.xml:27:5-88
69-->[me.leolin:ShortcutBadger:1.1.22] AndroidManifest.xml:27:22-85
70    <uses-permission android:name="com.sonymobile.home.permission.PROVIDER_INSERT_BADGE" /> <!-- for apex -->
70-->[me.leolin:ShortcutBadger:1.1.22] AndroidManifest.xml:28:5-92
70-->[me.leolin:ShortcutBadger:1.1.22] AndroidManifest.xml:28:22-89
71    <uses-permission android:name="com.anddoes.launcher.permission.UPDATE_COUNT" /> <!-- for solid -->
71-->[me.leolin:ShortcutBadger:1.1.22] AndroidManifest.xml:31:5-84
71-->[me.leolin:ShortcutBadger:1.1.22] AndroidManifest.xml:31:22-81
72    <uses-permission android:name="com.majeur.launcher.permission.UPDATE_BADGE" /> <!-- for huawei -->
72-->[me.leolin:ShortcutBadger:1.1.22] AndroidManifest.xml:34:5-83
72-->[me.leolin:ShortcutBadger:1.1.22] AndroidManifest.xml:34:22-80
73    <uses-permission android:name="com.huawei.android.launcher.permission.CHANGE_BADGE" />
73-->[me.leolin:ShortcutBadger:1.1.22] AndroidManifest.xml:37:5-91
73-->[me.leolin:ShortcutBadger:1.1.22] AndroidManifest.xml:37:22-88
74    <uses-permission android:name="com.huawei.android.launcher.permission.READ_SETTINGS" />
74-->[me.leolin:ShortcutBadger:1.1.22] AndroidManifest.xml:38:5-92
74-->[me.leolin:ShortcutBadger:1.1.22] AndroidManifest.xml:38:22-89
75    <uses-permission android:name="com.huawei.android.launcher.permission.WRITE_SETTINGS" /> <!-- for ZUK -->
75-->[me.leolin:ShortcutBadger:1.1.22] AndroidManifest.xml:39:5-93
75-->[me.leolin:ShortcutBadger:1.1.22] AndroidManifest.xml:39:22-90
76    <uses-permission android:name="android.permission.READ_APP_BADGE" /> <!-- for OPPO -->
76-->[me.leolin:ShortcutBadger:1.1.22] AndroidManifest.xml:42:5-73
76-->[me.leolin:ShortcutBadger:1.1.22] AndroidManifest.xml:42:22-70
77    <uses-permission android:name="com.oppo.launcher.permission.READ_SETTINGS" />
77-->[me.leolin:ShortcutBadger:1.1.22] AndroidManifest.xml:45:5-82
77-->[me.leolin:ShortcutBadger:1.1.22] AndroidManifest.xml:45:22-79
78    <uses-permission android:name="com.oppo.launcher.permission.WRITE_SETTINGS" /> <!-- for EvMe -->
78-->[me.leolin:ShortcutBadger:1.1.22] AndroidManifest.xml:46:5-83
78-->[me.leolin:ShortcutBadger:1.1.22] AndroidManifest.xml:46:22-80
79    <uses-permission android:name="me.everything.badger.permission.BADGE_COUNT_READ" />
79-->[me.leolin:ShortcutBadger:1.1.22] AndroidManifest.xml:49:5-88
79-->[me.leolin:ShortcutBadger:1.1.22] AndroidManifest.xml:49:22-85
80    <uses-permission android:name="me.everything.badger.permission.BADGE_COUNT_WRITE" />
80-->[me.leolin:ShortcutBadger:1.1.22] AndroidManifest.xml:50:5-89
80-->[me.leolin:ShortcutBadger:1.1.22] AndroidManifest.xml:50:22-86
81
82    <application
82-->src/main/AndroidManifest.xml:29:5-78:19
83        android:name="com.mapilocator.MainApplication"
83-->src/main/AndroidManifest.xml:30:7-38
84        android:allowBackup="true"
84-->src/main/AndroidManifest.xml:34:7-33
85        android:appComponentFactory="androidx.core.app.CoreComponentFactory"
85-->[androidx.core:core:1.9.0] AndroidManifest.xml:28:18-86
86        android:dataExtractionRules="@xml/data_extraction_rules"
86-->src/main/AndroidManifest.xml:39:9-65
87        android:exported="true"
87-->src/main/AndroidManifest.xml:38:9-32
88        android:icon="@drawable/ic_launcher_round"
88-->src/main/AndroidManifest.xml:32:7-49
89        android:label="@string/app_name"
89-->src/main/AndroidManifest.xml:31:7-39
90        android:launchMode="singleTask"
90-->src/main/AndroidManifest.xml:36:7-38
91        android:roundIcon="@drawable/ic_launcher_round"
91-->src/main/AndroidManifest.xml:33:7-54
92        android:theme="@style/AppTheme"
92-->src/main/AndroidManifest.xml:37:7-38
93        android:usesCleartextTraffic="true" >
93-->src/main/AndroidManifest.xml:35:7-42
94        <activity
94-->src/main/AndroidManifest.xml:42:7-52:18
95            android:name="com.mapilocator.MainActivity"
95-->src/main/AndroidManifest.xml:43:9-37
96            android:configChanges="keyboard|keyboardHidden|orientation|screenLayout|screenSize|smallestScreenSize|uiMode"
96-->src/main/AndroidManifest.xml:44:9-118
97            android:exported="true"
97-->src/main/AndroidManifest.xml:47:9-32
98            android:launchMode="singleTask"
98-->src/main/AndroidManifest.xml:45:9-40
99            android:windowSoftInputMode="adjustResize" >
99-->src/main/AndroidManifest.xml:46:9-51
100            <intent-filter>
100-->src/main/AndroidManifest.xml:48:9-51:25
101                <action android:name="android.intent.action.MAIN" />
101-->src/main/AndroidManifest.xml:49:13-65
101-->src/main/AndroidManifest.xml:49:21-62
102
103                <category android:name="android.intent.category.LAUNCHER" />
103-->src/main/AndroidManifest.xml:50:13-73
103-->src/main/AndroidManifest.xml:50:23-70
104            </intent-filter>
105        </activity>
106
107        <meta-data
107-->src/main/AndroidManifest.xml:53:9-55:68
108            android:name="com.google.android.geo.API_KEY"
108-->src/main/AndroidManifest.xml:54:11-56
109            android:value="AIzaSyDIpZFQnU2tms1EdAqK-H9K4PfNN17zLdc" />
109-->src/main/AndroidManifest.xml:55:11-66
110        <!-- notification -->
111        <receiver android:name="com.dieam.reactnativepushnotification.modules.RNPushNotificationActions" />
111-->src/main/AndroidManifest.xml:57:9-108
111-->src/main/AndroidManifest.xml:57:19-105
112        <receiver android:name="com.dieam.reactnativepushnotification.modules.RNPushNotificationPublisher" />
112-->src/main/AndroidManifest.xml:58:9-110
112-->src/main/AndroidManifest.xml:58:19-107
113        <receiver android:name="com.dieam.reactnativepushnotification.modules.RNPushNotificationActions" />
113-->src/main/AndroidManifest.xml:57:9-108
113-->src/main/AndroidManifest.xml:57:19-105
114        <receiver android:name="com.dieam.reactnativepushnotification.modules.RNPushNotificationPublisher" />
114-->src/main/AndroidManifest.xml:58:9-110
114-->src/main/AndroidManifest.xml:58:19-107
115        <receiver
115-->src/main/AndroidManifest.xml:61:9-67:20
116            android:name="com.dieam.reactnativepushnotification.modules.RNPushNotificationBootEventReceiver"
116-->src/main/AndroidManifest.xml:62:13-109
117            android:exported="true" >
117-->src/main/AndroidManifest.xml:63:13-36
118            <intent-filter>
118-->src/main/AndroidManifest.xml:64:13-66:29
119                <action android:name="android.intent.action.BOOT_COMPLETED" />
119-->src/main/AndroidManifest.xml:65:17-79
119-->src/main/AndroidManifest.xml:65:25-76
120            </intent-filter>
121        </receiver>
122
123        <service
123-->src/main/AndroidManifest.xml:68:9-74:19
124            android:name="com.dieam.reactnativepushnotification.modules.RNPushNotificationListenerService"
124-->src/main/AndroidManifest.xml:69:13-107
125            android:exported="false" >
125-->src/main/AndroidManifest.xml:70:13-37
126            <intent-filter>
126-->src/main/AndroidManifest.xml:71:13-73:29
127                <action android:name="com.google.firebase.MESSAGING_EVENT" />
127-->src/main/AndroidManifest.xml:72:17-78
127-->src/main/AndroidManifest.xml:72:25-75
128            </intent-filter>
129        </service>
130        <service android:name="com.asterinet.react.bgactions.RNBackgroundActionsTask" />
130-->src/main/AndroidManifest.xml:75:9-89
130-->src/main/AndroidManifest.xml:75:18-86
131        <service android:name="com.supersami.foregroundservice.ForegroundService" />
131-->src/main/AndroidManifest.xml:76:9-85
131-->src/main/AndroidManifest.xml:76:18-82
132        <service android:name="com.supersami.foregroundservice.ForegroundServiceTask" />
132-->src/main/AndroidManifest.xml:77:9-89
132-->src/main/AndroidManifest.xml:77:18-86
133
134        <meta-data
134-->[:react-native-firebase_analytics] AndroidManifest.xml:14:9-16:36
135            android:name="firebase_analytics_collection_enabled"
135-->[:react-native-firebase_analytics] AndroidManifest.xml:15:13-65
136            android:value="true" />
136-->[:react-native-firebase_analytics] AndroidManifest.xml:16:13-33
137        <meta-data
137-->[:react-native-firebase_analytics] AndroidManifest.xml:17:9-19:37
138            android:name="firebase_analytics_collection_deactivated"
138-->[:react-native-firebase_analytics] AndroidManifest.xml:18:13-69
139            android:value="false" />
139-->[:react-native-firebase_analytics] AndroidManifest.xml:19:13-34
140        <meta-data
140-->[:react-native-firebase_analytics] AndroidManifest.xml:20:9-22:36
141            android:name="google_analytics_adid_collection_enabled"
141-->[:react-native-firebase_analytics] AndroidManifest.xml:21:13-68
142            android:value="true" />
142-->[:react-native-firebase_analytics] AndroidManifest.xml:22:13-33
143        <meta-data
143-->[:react-native-firebase_analytics] AndroidManifest.xml:23:9-25:36
144            android:name="google_analytics_ssaid_collection_enabled"
144-->[:react-native-firebase_analytics] AndroidManifest.xml:24:13-69
145            android:value="true" />
145-->[:react-native-firebase_analytics] AndroidManifest.xml:25:13-33
146        <meta-data
146-->[:react-native-firebase_analytics] AndroidManifest.xml:26:9-28:36
147            android:name="google_analytics_default_allow_ad_personalization_signals"
147-->[:react-native-firebase_analytics] AndroidManifest.xml:27:13-85
148            android:value="true" />
148-->[:react-native-firebase_analytics] AndroidManifest.xml:28:13-33
149        <meta-data
149-->[:react-native-firebase_analytics] AndroidManifest.xml:29:9-31:36
150            android:name="google_analytics_automatic_screen_reporting_enabled"
150-->[:react-native-firebase_analytics] AndroidManifest.xml:30:13-79
151            android:value="true" />
151-->[:react-native-firebase_analytics] AndroidManifest.xml:31:13-33
152
153        <service
153-->[:react-native-firebase_messaging] AndroidManifest.xml:14:9-16:40
154            android:name="io.invertase.firebase.messaging.ReactNativeFirebaseMessagingHeadlessService"
154-->[:react-native-firebase_messaging] AndroidManifest.xml:15:13-103
155            android:exported="false" />
155-->[:react-native-firebase_messaging] AndroidManifest.xml:16:13-37
156        <service
156-->[:react-native-firebase_messaging] AndroidManifest.xml:17:9-23:19
157            android:name="io.invertase.firebase.messaging.ReactNativeFirebaseMessagingService"
157-->[:react-native-firebase_messaging] AndroidManifest.xml:18:13-95
158            android:exported="false" >
158-->[:react-native-firebase_messaging] AndroidManifest.xml:19:13-37
159            <intent-filter>
159-->src/main/AndroidManifest.xml:71:13-73:29
160                <action android:name="com.google.firebase.MESSAGING_EVENT" />
160-->src/main/AndroidManifest.xml:72:17-78
160-->src/main/AndroidManifest.xml:72:25-75
161            </intent-filter>
162        </service>
163
164        <receiver
164-->[:react-native-firebase_messaging] AndroidManifest.xml:25:9-32:20
165            android:name="io.invertase.firebase.messaging.ReactNativeFirebaseMessagingReceiver"
165-->[:react-native-firebase_messaging] AndroidManifest.xml:26:13-96
166            android:exported="true"
166-->[:react-native-firebase_messaging] AndroidManifest.xml:27:13-36
167            android:permission="com.google.android.c2dm.permission.SEND" >
167-->[:react-native-firebase_messaging] AndroidManifest.xml:28:13-73
168            <intent-filter>
168-->[:react-native-firebase_messaging] AndroidManifest.xml:29:13-31:29
169                <action android:name="com.google.android.c2dm.intent.RECEIVE" />
169-->[:react-native-firebase_messaging] AndroidManifest.xml:30:17-81
169-->[:react-native-firebase_messaging] AndroidManifest.xml:30:25-78
170            </intent-filter>
171        </receiver>
172
173        <meta-data
173-->[:react-native-firebase_messaging] AndroidManifest.xml:34:9-36:36
174            android:name="firebase_messaging_auto_init_enabled"
174-->[:react-native-firebase_messaging] AndroidManifest.xml:35:13-64
175            android:value="true" />
175-->[:react-native-firebase_messaging] AndroidManifest.xml:36:13-33
176        <meta-data
176-->[:react-native-firebase_messaging] AndroidManifest.xml:37:9-39:32
177            android:name="com.google.firebase.messaging.default_notification_channel_id"
177-->[:react-native-firebase_messaging] AndroidManifest.xml:38:13-89
178            android:value="" />
178-->[:react-native-firebase_messaging] AndroidManifest.xml:39:13-29
179        <meta-data
179-->[:react-native-firebase_messaging] AndroidManifest.xml:40:9-42:47
180            android:name="com.google.firebase.messaging.default_notification_color"
180-->[:react-native-firebase_messaging] AndroidManifest.xml:41:13-84
181            android:resource="@color/white" />
181-->[:react-native-firebase_messaging] AndroidManifest.xml:42:13-44
182        <meta-data
182-->[:react-native-firebase_app] AndroidManifest.xml:11:9-13:36
183            android:name="app_data_collection_default_enabled"
183-->[:react-native-firebase_app] AndroidManifest.xml:12:13-63
184            android:value="true" />
184-->[:react-native-firebase_app] AndroidManifest.xml:13:13-33
185
186        <service
186-->[:react-native-firebase_app] AndroidManifest.xml:15:9-23:19
187            android:name="com.google.firebase.components.ComponentDiscoveryService"
187-->[:react-native-firebase_app] AndroidManifest.xml:16:13-84
188            android:directBootAware="true"
188-->[:react-native-firebase_app] AndroidManifest.xml:17:13-43
189            android:exported="false" >
189-->[:react-native-firebase_app] AndroidManifest.xml:18:13-37
190            <meta-data
190-->[:react-native-firebase_app] AndroidManifest.xml:20:13-22:85
191                android:name="com.google.firebase.components:io.invertase.firebase.app.ReactNativeFirebaseAppRegistrar"
191-->[:react-native-firebase_app] AndroidManifest.xml:21:17-120
192                android:value="com.google.firebase.components.ComponentRegistrar" />
192-->[:react-native-firebase_app] AndroidManifest.xml:22:17-82
193            <meta-data
193-->[com.google.firebase:firebase-analytics-ktx:21.2.2] AndroidManifest.xml:11:13-13:85
194                android:name="com.google.firebase.components:com.google.firebase.analytics.ktx.FirebaseAnalyticsKtxRegistrar"
194-->[com.google.firebase:firebase-analytics-ktx:21.2.2] AndroidManifest.xml:12:17-126
195                android:value="com.google.firebase.components.ComponentRegistrar" />
195-->[com.google.firebase:firebase-analytics-ktx:21.2.2] AndroidManifest.xml:13:17-82
196            <meta-data
196-->[com.google.firebase:firebase-auth:21.3.0] AndroidManifest.xml:69:13-71:85
197                android:name="com.google.firebase.components:com.google.firebase.auth.FirebaseAuthRegistrar"
197-->[com.google.firebase:firebase-auth:21.3.0] AndroidManifest.xml:70:17-109
198                android:value="com.google.firebase.components.ComponentRegistrar" />
198-->[com.google.firebase:firebase-auth:21.3.0] AndroidManifest.xml:71:17-82
199            <meta-data
199-->[com.google.firebase:firebase-database:20.2.0] AndroidManifest.xml:31:13-33:85
200                android:name="com.google.firebase.components:com.google.firebase.database.DatabaseRegistrar"
200-->[com.google.firebase:firebase-database:20.2.0] AndroidManifest.xml:32:17-109
201                android:value="com.google.firebase.components.ComponentRegistrar" />
201-->[com.google.firebase:firebase-database:20.2.0] AndroidManifest.xml:33:17-82
202            <meta-data
202-->[com.google.firebase:firebase-firestore:24.5.0] AndroidManifest.xml:19:13-21:85
203                android:name="com.google.firebase.components:com.google.firebase.firestore.FirestoreRegistrar"
203-->[com.google.firebase:firebase-firestore:24.5.0] AndroidManifest.xml:20:17-111
204                android:value="com.google.firebase.components.ComponentRegistrar" />
204-->[com.google.firebase:firebase-firestore:24.5.0] AndroidManifest.xml:21:17-82
205            <meta-data
205-->[com.google.firebase:firebase-messaging:23.1.2] AndroidManifest.xml:55:13-57:85
206                android:name="com.google.firebase.components:com.google.firebase.messaging.FirebaseMessagingRegistrar"
206-->[com.google.firebase:firebase-messaging:23.1.2] AndroidManifest.xml:56:17-119
207                android:value="com.google.firebase.components.ComponentRegistrar" />
207-->[com.google.firebase:firebase-messaging:23.1.2] AndroidManifest.xml:57:17-82
208            <meta-data
208-->[com.google.firebase:firebase-common-ktx:20.3.2] AndroidManifest.xml:14:13-16:85
209                android:name="com.google.firebase.components:com.google.firebase.ktx.FirebaseCommonKtxRegistrar"
209-->[com.google.firebase:firebase-common-ktx:20.3.2] AndroidManifest.xml:15:17-113
210                android:value="com.google.firebase.components.ComponentRegistrar" />
210-->[com.google.firebase:firebase-common-ktx:20.3.2] AndroidManifest.xml:16:17-82
211            <meta-data
211-->[com.google.android.gms:play-services-measurement-api:21.2.2] AndroidManifest.xml:31:13-33:85
212                android:name="com.google.firebase.components:com.google.firebase.analytics.connector.internal.AnalyticsConnectorRegistrar"
212-->[com.google.android.gms:play-services-measurement-api:21.2.2] AndroidManifest.xml:32:17-139
213                android:value="com.google.firebase.components.ComponentRegistrar" />
213-->[com.google.android.gms:play-services-measurement-api:21.2.2] AndroidManifest.xml:33:17-82
214            <meta-data
214-->[com.google.firebase:firebase-datatransport:18.1.7] AndroidManifest.xml:27:13-29:85
215                android:name="com.google.firebase.components:com.google.firebase.datatransport.TransportRegistrar"
215-->[com.google.firebase:firebase-datatransport:18.1.7] AndroidManifest.xml:28:17-115
216                android:value="com.google.firebase.components.ComponentRegistrar" />
216-->[com.google.firebase:firebase-datatransport:18.1.7] AndroidManifest.xml:29:17-82
217            <meta-data
217-->[com.google.firebase:firebase-installations:17.1.3] AndroidManifest.xml:17:13-19:85
218                android:name="com.google.firebase.components:com.google.firebase.installations.FirebaseInstallationsRegistrar"
218-->[com.google.firebase:firebase-installations:17.1.3] AndroidManifest.xml:18:17-127
219                android:value="com.google.firebase.components.ComponentRegistrar" />
219-->[com.google.firebase:firebase-installations:17.1.3] AndroidManifest.xml:19:17-82
220        </service>
221
222        <provider
222-->[:react-native-firebase_app] AndroidManifest.xml:25:9-29:38
223            android:name="io.invertase.firebase.app.ReactNativeFirebaseAppInitProvider"
223-->[:react-native-firebase_app] AndroidManifest.xml:26:13-88
224            android:authorities="com.mapilocator.reactnativefirebaseappinitprovider"
224-->[:react-native-firebase_app] AndroidManifest.xml:27:13-86
225            android:exported="false"
225-->[:react-native-firebase_app] AndroidManifest.xml:28:13-37
226            android:initOrder="99" />
226-->[:react-native-firebase_app] AndroidManifest.xml:29:13-35
227        <provider
227-->[:react-native-image-crop-picker] AndroidManifest.xml:18:9-26:20
228            android:name="com.reactnative.ivpusic.imagepicker.IvpusicImagePickerFileProvider"
228-->[:react-native-image-crop-picker] AndroidManifest.xml:19:13-94
229            android:authorities="com.mapilocator.provider"
229-->[:react-native-image-crop-picker] AndroidManifest.xml:20:13-60
230            android:exported="false"
230-->[:react-native-image-crop-picker] AndroidManifest.xml:21:13-37
231            android:grantUriPermissions="true" >
231-->[:react-native-image-crop-picker] AndroidManifest.xml:22:13-47
232            <meta-data
232-->[:react-native-image-crop-picker] AndroidManifest.xml:23:13-25:78
233                android:name="android.support.FILE_PROVIDER_PATHS"
233-->[:react-native-image-crop-picker] AndroidManifest.xml:24:17-67
234                android:resource="@xml/ivpusic_imagepicker_provider_paths" />
234-->[:react-native-image-crop-picker] AndroidManifest.xml:25:17-75
235        </provider>
236
237        <activity
237-->[:react-native-image-crop-picker] AndroidManifest.xml:28:9-30:72
238            android:name="com.yalantis.ucrop.UCropActivity"
238-->[:react-native-image-crop-picker] AndroidManifest.xml:29:13-60
239            android:theme="@style/Theme.AppCompat.Light.NoActionBar" /> <!-- Needs to be explicitly declared on P+ -->
239-->[:react-native-image-crop-picker] AndroidManifest.xml:30:13-69
240        <uses-library
240-->[com.google.android.gms:play-services-maps:18.1.0] AndroidManifest.xml:39:9-41:40
241            android:name="org.apache.http.legacy"
241-->[com.google.android.gms:play-services-maps:18.1.0] AndroidManifest.xml:40:13-50
242            android:required="false" />
242-->[com.google.android.gms:play-services-maps:18.1.0] AndroidManifest.xml:41:13-37
243
244        <activity
244-->[com.google.android.gms:play-services-auth:20.3.0] AndroidManifest.xml:23:9-27:75
245            android:name="com.google.android.gms.auth.api.signin.internal.SignInHubActivity"
245-->[com.google.android.gms:play-services-auth:20.3.0] AndroidManifest.xml:24:13-93
246            android:excludeFromRecents="true"
246-->[com.google.android.gms:play-services-auth:20.3.0] AndroidManifest.xml:25:13-46
247            android:exported="false"
247-->[com.google.android.gms:play-services-auth:20.3.0] AndroidManifest.xml:26:13-37
248            android:theme="@android:style/Theme.Translucent.NoTitleBar" />
248-->[com.google.android.gms:play-services-auth:20.3.0] AndroidManifest.xml:27:13-72
249        <!--
250            Service handling Google Sign-In user revocation. For apps that do not integrate with
251            Google Sign-In, this service will never be started.
252        -->
253        <service
253-->[com.google.android.gms:play-services-auth:20.3.0] AndroidManifest.xml:33:9-37:51
254            android:name="com.google.android.gms.auth.api.signin.RevocationBoundService"
254-->[com.google.android.gms:play-services-auth:20.3.0] AndroidManifest.xml:34:13-89
255            android:exported="true"
255-->[com.google.android.gms:play-services-auth:20.3.0] AndroidManifest.xml:35:13-36
256            android:permission="com.google.android.gms.auth.api.signin.permission.REVOCATION_NOTIFICATION"